FillUp1/app/build/outputs/logs/manifest-merger-debug-report.txt
-- Merging decision tree log ---
manifest
ADDED from AndroidManifest.xml:2:1
	package
		ADDED from AndroidManifest.xml:3:5
		INJECTED from AndroidManifest.xml:0:0
		INJECTED from AndroidManifest.xml:0:0
	android:versionName
		ADDED from AndroidManifest.xml:5:5
	android:versionCode
		ADDED from AndroidManifest.xml:4:5
		INJECTED from AndroidManifest.xml:0:0
		INJECTED from AndroidManifest.xml:0:0
	xmlns:android
		ADDED from AndroidManifest.xml:2:11
uses-sdk
ADDED from AndroidManifest.xml:7:5
	android:targetSdkVersion
		ADDED from AndroidManifest.xml:9:9
		INJECTED from AndroidManifest.xml:0:0
		INJECTED from AndroidManifest.xml:0:0
	android:minSdkVersion
		ADDED from AndroidManifest.xml:8:9
		INJECTED from AndroidManifest.xml:0:0
		INJECTED from AndroidManifest.xml:0:0
uses-permission#android.permission.READ_EXTERNAL_STORAGE
ADDED from AndroidManifest.xml:11:5
	android:name
		ADDED from AndroidManifest.xml:11:22
uses-permission#android.permission.WRITE_EXTERNAL_STORAGE
ADDED from AndroidManifest.xml:12:5
	android:name
		ADDED from AndroidManifest.xml:12:22
application
ADDED from AndroidManifest.xml:14:5
	android:label
		ADDED from AndroidManifest.xml:18:9
	android:allowBackup
		ADDED from AndroidManifest.xml:16:9
	android:icon
		ADDED from AndroidManifest.xml:17:9
	android:theme
		ADDED from AndroidManifest.xml:19:9
	android:name
		ADDED from AndroidManifest.xml:15:9
activity#com.github.wdkapps.fillup.StartupActivity
ADDED from AndroidManifest.xml:20:9
	android:label
		ADDED from AndroidManifest.xml:22:13
	android:name
		ADDED from AndroidManifest.xml:21:13
intent-filter#android.intent.action.MAIN+android.intent.category.LAUNCHER
ADDED from AndroidManifest.xml:23:13
action#android.intent.action.MAIN
ADDED from AndroidManifest.xml:24:17
	android:name
		ADDED from AndroidManifest.xml:24:25
category#android.intent.category.LAUNCHER
ADDED from AndroidManifest.xml:26:17
	android:name
		ADDED from AndroidManifest.xml:26:27
activity#com.github.wdkapps.fillup.MainActivity
ADDED from AndroidManifest.xml:29:9
	android:label
		ADDED from AndroidManifest.xml:31:13
	android:name
		ADDED from AndroidManifest.xml:30:13
activity#com.github.wdkapps.fillup.GasRecordActivity
ADDED from AndroidManifest.xml:33:9
	android:label
		ADDED from AndroidManifest.xml:35:13
	android:windowSoftInputMode
		ADDED from AndroidManifest.xml:36:13
	android:name
		ADDED from AndroidManifest.xml:34:13
activity#com.github.wdkapps.fillup.GasLogListActivity
ADDED from AndroidManifest.xml:39:9
	android:label
		ADDED from AndroidManifest.xml:41:13
	android:name
		ADDED from AndroidManifest.xml:40:13
activity#com.github.wdkapps.fillup.Settings
ADDED from AndroidManifest.xml:43:9
	android:theme
		ADDED from AndroidManifest.xml:45:13
	android:name
		ADDED from AndroidManifest.xml:44:13
activity#com.github.wdkapps.fillup.PlotActivity
ADDED from AndroidManifest.xml:47:9
	android:label
		ADDED from AndroidManifest.xml:49:13
	android:name
		ADDED from AndroidManifest.xml:48:13
activity#com.github.wdkapps.fillup.HtmlViewerActivity
ADDED from AndroidManifest.xml:51:9
	android:label
		ADDED from AndroidManifest.xml:53:13
	android:name
		ADDED from AndroidManifest.xml:52:13
activity#com.github.wdkapps.fillup.DateTimeActivity
ADDED from AndroidManifest.xml:55:9
	android:label
		ADDED from AndroidManifest.xml:57:13
	android:name
		ADDED from AndroidManifest.xml:56:13
activity#com.github.wdkapps.fillup.StatisticsActivity
ADDED from AndroidManifest.xml:59:9
	android:label
		ADDED from AndroidManifest.xml:61:13
	android:name
		ADDED from AndroidManifest.xml:60:13
activity#com.github.wdkapps.fillup.FileSelectionActivity
ADDED from AndroidManifest.xml:63:9
	android:label
		ADDED from AndroidManifest.xml:65:13
	android:name
		ADDED from AndroidManifest.xml:64:13